Using pre-set license
Built from '2020.3/staging' branch; Version is '2020.3.10f1 (297d780c91bc) revision 2719096'; Using compiler version '192528614'; Build Type 'Release'
OS: 'Windows 10 Pro; OS build 19043.1052; Version 2009; 64bit' Language: 'en' Physical Memory: 48824 MB
BatchMode: 1, IsHumanControllingUs: 0, StartBugReporterOnCrash: 0, Is64bit: 1, IsPro: 0

 COMMAND LINE ARGUMENTS:
C:\Program Files\Unity\Hub\Editor\2020.3.10f1\Editor\Unity.exe
-adb2
-batchMode
-noUpm
-name
AssetImportWorker0
-projectPath
C:/Users/pompa/source/repos/makuragaeshi/whiteBoxYokai
-logFile
Logs/AssetImportWorker0.log
-srvPort
64229
Successfully changed project path to: C:/Users/pompa/source/repos/makuragaeshi/whiteBoxYokai
C:/Users/pompa/source/repos/makuragaeshi/whiteBoxYokai
Using Asset Import Pipeline V2.
Refreshing native plugins compatible for Editor in 58.15 ms, found 3 plugins.
Preloading 0 native plugins for Editor in 0.00 ms.
Initialize engine version: 2020.3.10f1 (297d780c91bc)
[Subsystems] Discovering subsystems at path C:/Program Files/Unity/Hub/Editor/2020.3.10f1/Editor/Data/Resources/UnitySubsystems
[Subsystems] Discovering subsystems at path C:/Users/pompa/source/repos/makuragaeshi/whiteBoxYokai/Assets
GfxDevice: creating device client; threaded=0
Direct3D:
    Version:  Direct3D 11.0 [level 11.1]
    Renderer: NVIDIA GeForce GTX 1080 (ID=0x1b80)
    Vendor:   
    VRAM:     8079 MB
    Driver:   27.21.14.6663
Initialize mono
Mono path[0] = 'C:/Program Files/Unity/Hub/Editor/2020.3.10f1/Editor/Data/Managed'
Mono path[1] = 'C:/Program Files/Unity/Hub/Editor/2020.3.10f1/Editor/Data/MonoBleedingEdge/lib/mono/unityjit'
Mono config path = 'C:/Program Files/Unity/Hub/Editor/2020.3.10f1/Editor/Data/MonoBleedingEdge/etc'
Using monoOptions --debugger-agent=transport=dt_socket,embedding=1,server=y,suspend=n,address=127.0.0.1:56288
Begin MonoManager ReloadAssembly
Registering precompiled unity dll's ...
Register platform support module: C:/Program Files/Unity/Hub/Editor/2020.3.10f1/Editor/Data/PlaybackEngines/WebGLSupport/UnityEditor.WebGL.Extensions.dll
Register platform support module: C:/Program Files/Unity/Hub/Editor/2020.3.10f1/Editor/Data/PlaybackEngines/WindowsStandaloneSupport/UnityEditor.WindowsStandalone.Extensions.dll
Registered in 0.003764 seconds.
Native extension for WindowsStandalone target not found
Native extension for WebGL target not found
Refreshing native plugins compatible for Editor in 36.48 ms, found 3 plugins.
Preloading 0 native plugins for Editor in 0.00 ms.
Mono: successfully reloaded assembly
- Completed reload, in  1.150 seconds
Platform modules already initialized, skipping
Registering precompiled user dll's ...
Registered in 0.005705 seconds.
Begin MonoManager ReloadAssembly
Native extension for WindowsStandalone target not found
Native extension for WebGL target not found
Refreshing native plugins compatible for Editor in 37.95 ms, found 3 plugins.
Preloading 0 native plugins for Editor in 0.00 ms.
Mono: successfully reloaded assembly
- Completed reload, in  1.047 seconds
Platform modules already initialized, skipping
========================================================================
Worker process is ready to serve import requests
Launched and connected shader compiler UnityShaderCompiler.exe after 0.07 seconds
Refreshing native plugins compatible for Editor in 0.50 ms, found 3 plugins.
Preloading 0 native plugins for Editor in 0.00 ms.
Unloading 2079 Unused Serialized files (Serialized files now loaded: 0)
System memory in use before: 92.8 MB.
System memory in use after: 92.8 MB.

Unloading 33 unused Assets to reduce memory usage. Loaded Objects now: 2512.
Total: 2.894400 ms (FindLiveObjects: 0.281200 ms CreateObjectMapping: 0.107900 ms MarkObjects: 2.339500 ms  DeleteObjects: 0.164600 ms)

========================================================================
Received Import Request.
  path: Assets
  artifactKey: Guid(00000000000000001000000000000000) Importer(815301076,1909f56bfc062723c751e8b465ee728b)
Start importing Assets using Guid(00000000000000001000000000000000) Importer(815301076,1909f56bfc062723c751e8b465ee728b)  -> (artifact id: '42d402b061de3733987d63b9cc3b64de') in 0.006935 seconds
  Import took 0.010162 seconds .

========================================================================
Received Import Request.
  Time since last request: 2.833029 seconds.
  path: Assets
  artifactKey: Guid(00000000000000001000000000000000) Importer(815301076,1909f56bfc062723c751e8b465ee728b)
Start importing Assets using Guid(00000000000000001000000000000000) Importer(815301076,1909f56bfc062723c751e8b465ee728b)  -> (artifact id: '42d402b061de3733987d63b9cc3b64de') in 0.003473 seconds
  Import took 0.006815 seconds .

========================================================================
Received Prepare
Registering precompiled user dll's ...
Registered in 0.005361 seconds.
Begin MonoManager ReloadAssembly
Native extension for WindowsStandalone target not found
Native extension for WebGL target not found
Refreshing native plugins compatible for Editor in 43.57 ms, found 3 plugins.
Preloading 0 native plugins for Editor in 0.00 ms.
Mono: successfully reloaded assembly
- Completed reload, in  1.100 seconds
Platform modules already initialized, skipping
Refreshing native plugins compatible for Editor in 0.47 ms, found 3 plugins.
Preloading 0 native plugins for Editor in 0.00 ms.
Unloading 2091 Unused Serialized files (Serialized files now loaded: 0)
System memory in use before: 93.2 MB.
System memory in use after: 93.1 MB.

Unloading 21 unused Assets to reduce memory usage. Loaded Objects now: 2533.
Total: 5.374800 ms (FindLiveObjects: 0.398500 ms CreateObjectMapping: 0.212800 ms MarkObjects: 4.530900 ms  DeleteObjects: 0.229900 ms)

========================================================================
Received Import Request.
  Time since last request: 48.252552 seconds.
  path: Assets/AsepriteAnimationWorkflow/Demo
  artifactKey: Guid(f46f64d7275dcab4ea691fb8a4e6b290) Importer(815301076,1909f56bfc062723c751e8b465ee728b)
Start importing Assets/AsepriteAnimationWorkflow/Demo using Guid(f46f64d7275dcab4ea691fb8a4e6b290) Importer(815301076,1909f56bfc062723c751e8b465ee728b)  -> (artifact id: '8e0e4649f087fe7f15a323b9ebb09b02') in 0.007990 seconds
  Import took 0.011324 seconds .

========================================================================
Received Import Request.
  Time since last request: 0.000552 seconds.
  path: Assets/AsepriteAnimationWorkflow/Demo
  artifactKey: Guid(f46f64d7275dcab4ea691fb8a4e6b290) Importer(815301076,1909f56bfc062723c751e8b465ee728b)
Start importing Assets/AsepriteAnimationWorkflow/Demo using Guid(f46f64d7275dcab4ea691fb8a4e6b290) Importer(815301076,1909f56bfc062723c751e8b465ee728b)  -> (artifact id: '8e0e4649f087fe7f15a323b9ebb09b02') in 0.003205 seconds
  Import took 0.006363 seconds .

========================================================================
Received Import Request.
  Time since last request: 3.511910 seconds.
  path: Assets/AsepriteAnimationWorkflow/Demo Scene.unity
  artifactKey: Guid(bda7fccc0d60fe94d944c485816febe5) Importer(815301076,1909f56bfc062723c751e8b465ee728b)
Start importing Assets/AsepriteAnimationWorkflow/Demo Scene.unity using Guid(bda7fccc0d60fe94d944c485816febe5) Importer(815301076,1909f56bfc062723c751e8b465ee728b)  -> (artifact id: '167ed2d173e6fe8672c50d50237e532b') in 0.011387 seconds
  Import took 0.015275 seconds .

========================================================================
Received Import Request.
  Time since last request: 12.833202 seconds.
  path: Assets/Sprites
  artifactKey: Guid(4704be916eb9ca34e91a6bae3603d033) Importer(815301076,1909f56bfc062723c751e8b465ee728b)
Start importing Assets/Sprites using Guid(4704be916eb9ca34e91a6bae3603d033) Importer(815301076,1909f56bfc062723c751e8b465ee728b)  -> (artifact id: '7c68261a97839a6826f309d00c58d871') in 0.016768 seconds
  Import took 0.024626 seconds .

========================================================================
Received Import Request.
  Time since last request: 21.540418 seconds.
  path: Assets/Sprites/Character
  artifactKey: Guid(0c25e1564b38d3843943bed6aa6f501c) Importer(815301076,1909f56bfc062723c751e8b465ee728b)
Start importing Assets/Sprites/Character using Guid(0c25e1564b38d3843943bed6aa6f501c) Importer(815301076,1909f56bfc062723c751e8b465ee728b)  -> (artifact id: 'cff759d6487ca206e2443d68a934f888') in 0.011960 seconds
  Import took 0.019376 seconds .

========================================================================
Received Import Request.
  Time since last request: 12.418325 seconds.
  path: Assets/Sprites/Characters
  artifactKey: Guid(0c25e1564b38d3843943bed6aa6f501c) Importer(815301076,1909f56bfc062723c751e8b465ee728b)
Start importing Assets/Sprites/Characters using Guid(0c25e1564b38d3843943bed6aa6f501c) Importer(815301076,1909f56bfc062723c751e8b465ee728b)  -> (artifact id: 'e37970c236b299c3fbeb2d440eed2016') in 0.010027 seconds
  Import took 0.016117 seconds .

========================================================================
Received Import Request.
  Time since last request: 4953.560465 seconds.
  path: Assets/Sprites/Characters/player_Idle.aseprite
  artifactKey: Guid(957700686db2ee24dafbd699b6470873) Importer(815301076,1909f56bfc062723c751e8b465ee728b)
Start importing Assets/Sprites/Characters/player_Idle.aseprite using Guid(957700686db2ee24dafbd699b6470873) Importer(815301076,1909f56bfc062723c751e8b465ee728b)  -> (artifact id: 'ece5c38cd565c4321517f771e35f0eff') in 0.201606 seconds
  Import took 0.210109 seconds .

========================================================================
Received Import Request.
  Time since last request: 29.701844 seconds.
  path: Assets/Sprites/Characters/player_Run.aseprite
  artifactKey: Guid(a40ed0e193054814ca5f0561567edf7c) Importer(815301076,1909f56bfc062723c751e8b465ee728b)
Start importing Assets/Sprites/Characters/player_Run.aseprite using Guid(a40ed0e193054814ca5f0561567edf7c) Importer(815301076,1909f56bfc062723c751e8b465ee728b)  -> (artifact id: '0df43187dc1a441545b8fc57c82fbcaa') in 0.027281 seconds
  Import took 0.033701 seconds .

========================================================================
Received Import Request.
  Time since last request: 0.003748 seconds.
  path: Assets/Sprites/Characters/player_Run.aseprite
  artifactKey: Guid(a40ed0e193054814ca5f0561567edf7c) Importer(815301076,1909f56bfc062723c751e8b465ee728b)
Start importing Assets/Sprites/Characters/player_Run.aseprite using Guid(a40ed0e193054814ca5f0561567edf7c) Importer(815301076,1909f56bfc062723c751e8b465ee728b)  -> (artifact id: '0df43187dc1a441545b8fc57c82fbcaa') in 0.036378 seconds
  Import took 0.041280 seconds .

========================================================================
Received Import Request.
  Time since last request: 214.487154 seconds.
  path: Assets/Sprites/Characters/player_Run.aseprite
  artifactKey: Guid(a40ed0e193054814ca5f0561567edf7c) Importer(815301076,1909f56bfc062723c751e8b465ee728b)
Start importing Assets/Sprites/Characters/player_Run.aseprite using Guid(a40ed0e193054814ca5f0561567edf7c) Importer(815301076,1909f56bfc062723c751e8b465ee728b)  -> (artifact id: 'e60210769cc72b761557c71171ccd077') in 0.026694 seconds
  Import took 0.031190 seconds .

========================================================================
Received Import Request.
  Time since last request: 79.551012 seconds.
  path: Assets/Sprites/NPCs
  artifactKey: Guid(57dea279f279c194d9ac5f828d0cf963) Importer(815301076,1909f56bfc062723c751e8b465ee728b)
Start importing Assets/Sprites/NPCs using Guid(57dea279f279c194d9ac5f828d0cf963) Importer(815301076,1909f56bfc062723c751e8b465ee728b)  -> (artifact id: '2d5d77f305f6badc8d5cb0f41b63f7be') in 0.009096 seconds
  Import took 0.014555 seconds .

========================================================================
Received Import Request.
  Time since last request: 8.582687 seconds.
  path: Assets/Sprites/Enemies
  artifactKey: Guid(0a42490217df6ae45bdcbafc6892aa1f) Importer(815301076,1909f56bfc062723c751e8b465ee728b)
Start importing Assets/Sprites/Enemies using Guid(0a42490217df6ae45bdcbafc6892aa1f) Importer(815301076,1909f56bfc062723c751e8b465ee728b)  -> (artifact id: '42f46dd174ef05ae90f1dd9bd8735d26') in 0.012828 seconds
  Import took 0.018296 seconds .

========================================================================
Received Import Request.
  Time since last request: 6.294239 seconds.
  path: Assets/Sprites/Enemies/Mobs
  artifactKey: Guid(2796574d9c42e8a45bfdee35da0cef75) Importer(815301076,1909f56bfc062723c751e8b465ee728b)
Start importing Assets/Sprites/Enemies/Mobs using Guid(2796574d9c42e8a45bfdee35da0cef75) Importer(815301076,1909f56bfc062723c751e8b465ee728b)  -> (artifact id: '74e6787664e0c4940a198207ec54f0b6') in 0.004093 seconds
  Import took 0.007461 seconds .

========================================================================
Received Import Request.
  Time since last request: 5.664431 seconds.
  path: Assets/Sprites/Enemies/Bosses
  artifactKey: Guid(1c53c43e542baf74fbfcdaca5df02d8c) Importer(815301076,1909f56bfc062723c751e8b465ee728b)
Start importing Assets/Sprites/Enemies/Bosses using Guid(1c53c43e542baf74fbfcdaca5df02d8c) Importer(815301076,1909f56bfc062723c751e8b465ee728b)  -> (artifact id: '79a6d047b77d36df0969405a37a4abd6') in 0.010695 seconds
  Import took 0.014267 seconds .

========================================================================
Received Import Request.
  Time since last request: 0.001508 seconds.
  path: Assets/Sprites/Enemies/Bosses
  artifactKey: Guid(1c53c43e542baf74fbfcdaca5df02d8c) Importer(815301076,1909f56bfc062723c751e8b465ee728b)
Start importing Assets/Sprites/Enemies/Bosses using Guid(1c53c43e542baf74fbfcdaca5df02d8c) Importer(815301076,1909f56bfc062723c751e8b465ee728b)  -> (artifact id: '79a6d047b77d36df0969405a37a4abd6') in 0.007418 seconds
  Import took 0.011271 seconds .

========================================================================
Received Import Request.
  Time since last request: 622.229577 seconds.
  path: Assets/Sprites/New Folder
  artifactKey: Guid(fc311ee3da60b104495c021634d2488e) Importer(815301076,1909f56bfc062723c751e8b465ee728b)
Start importing Assets/Sprites/New Folder using Guid(fc311ee3da60b104495c021634d2488e) Importer(815301076,1909f56bfc062723c751e8b465ee728b)  -> (artifact id: 'bcf71ce27f0ae1291639faa6d4e6528b') in 0.011662 seconds
  Import took 0.015856 seconds .

========================================================================
Received Import Request.
  Time since last request: 6.861110 seconds.
  path: Assets/Sprites/Tileset.png
  artifactKey: Guid(3d04cb3bab10e3949a65c60853a96caf) Importer(815301076,1909f56bfc062723c751e8b465ee728b)
Start importing Assets/Sprites/Tileset.png using Guid(3d04cb3bab10e3949a65c60853a96caf) Importer(815301076,1909f56bfc062723c751e8b465ee728b)  -> (artifact id: '702ce92ab9624bda3278b4f793a7a669') in 0.140452 seconds
  Import took 0.147947 seconds .

========================================================================
Received Import Request.
  Time since last request: 120.841522 seconds.
  path: Assets/Sprites/Tileset.png
  artifactKey: Guid(3d04cb3bab10e3949a65c60853a96caf) Importer(815301076,1909f56bfc062723c751e8b465ee728b)
Start importing Assets/Sprites/Tileset.png using Guid(3d04cb3bab10e3949a65c60853a96caf) Importer(815301076,1909f56bfc062723c751e8b465ee728b)  -> (artifact id: '4b66bae75382e6a69fa97b52f5837359') in 0.018829 seconds
  Import took 0.026448 seconds .

========================================================================
Received Import Request.
  Time since last request: 60.695012 seconds.
  path: Assets/Sprites/Tileset.png
  artifactKey: Guid(3d04cb3bab10e3949a65c60853a96caf) Importer(815301076,1909f56bfc062723c751e8b465ee728b)
Start importing Assets/Sprites/Tileset.png using Guid(3d04cb3bab10e3949a65c60853a96caf) Importer(815301076,1909f56bfc062723c751e8b465ee728b)  -> (artifact id: '9d1b340390283e5718388d71fee493ca') in 0.094147 seconds
  Import took 0.097918 seconds .

========================================================================
Received Import Request.
  Time since last request: 32.213786 seconds.
  path: Assets/Sprites/Sprites
  artifactKey: Guid(8fabee92195169b4aa42aff0324113c4) Importer(815301076,1909f56bfc062723c751e8b465ee728b)
Start importing Assets/Sprites/Sprites using Guid(8fabee92195169b4aa42aff0324113c4) Importer(815301076,1909f56bfc062723c751e8b465ee728b)  -> (artifact id: 'a210a67d127c539692611d8b589c3b47') in 0.014585 seconds
  Import took 0.022372 seconds .

========================================================================
Received Import Request.
  Time since last request: 0.001136 seconds.
  path: Assets/Sprites/Sprites
  artifactKey: Guid(8fabee92195169b4aa42aff0324113c4) Importer(815301076,1909f56bfc062723c751e8b465ee728b)
Start importing Assets/Sprites/Sprites using Guid(8fabee92195169b4aa42aff0324113c4) Importer(815301076,1909f56bfc062723c751e8b465ee728b)  -> (artifact id: 'a210a67d127c539692611d8b589c3b47') in 0.004932 seconds
  Import took 0.010718 seconds .

========================================================================
Received Import Request.
  Time since last request: 50.474248 seconds.
  path: Assets/Scenes/SampleScene.unity
  artifactKey: Guid(2cda990e2423bbf4892e6590ba056729) Importer(815301076,1909f56bfc062723c751e8b465ee728b)
Start importing Assets/Scenes/SampleScene.unity using Guid(2cda990e2423bbf4892e6590ba056729) Importer(815301076,1909f56bfc062723c751e8b465ee728b)  -> (artifact id: 'aa27944bdea339c97c39027c7eea529c') in 0.009963 seconds
  Import took 0.018491 seconds .

========================================================================
Received Import Request.
  Time since last request: 6.036406 seconds.
  path: Assets/Scenes/Main.unity
  artifactKey: Guid(2cda990e2423bbf4892e6590ba056729) Importer(815301076,1909f56bfc062723c751e8b465ee728b)
Start importing Assets/Scenes/Main.unity using Guid(2cda990e2423bbf4892e6590ba056729) Importer(815301076,1909f56bfc062723c751e8b465ee728b)  -> (artifact id: '2063302bb151951eba0362b8067fa1a0') in 0.006596 seconds
  Import took 0.010974 seconds .

========================================================================
Received Import Request.
  Time since last request: 80.091867 seconds.
  path: Assets/Tile_Map
  artifactKey: Guid(64ba62ed640b7ec458506f9ffea9d791) Importer(815301076,1909f56bfc062723c751e8b465ee728b)
Start importing Assets/Tile_Map using Guid(64ba62ed640b7ec458506f9ffea9d791) Importer(815301076,1909f56bfc062723c751e8b465ee728b)  -> (artifact id: 'f9d7de864dbc54cb85c3c2ce87633353') in 0.012193 seconds
  Import took 0.016049 seconds .

========================================================================
Received Import Request.
  Time since last request: 40.183275 seconds.
  path: Assets/Tile_Map/Pallettes
  artifactKey: Guid(13f20733dfeb2c841b6ea24bf99b0d72) Importer(815301076,1909f56bfc062723c751e8b465ee728b)
Start importing Assets/Tile_Map/Pallettes using Guid(13f20733dfeb2c841b6ea24bf99b0d72) Importer(815301076,1909f56bfc062723c751e8b465ee728b)  -> (artifact id: '83a930607b180162ced7c60b1121bc55') in 0.003958 seconds
  Import took 0.007932 seconds .

========================================================================
Received Import Request.
  Time since last request: 0.110286 seconds.
  path: Assets/Tile_Map/Pallettes/Tile_Set_1.prefab
  artifactKey: Guid(d5c29e12c357dbb48a8805e4eec306b8) Importer(815301076,1909f56bfc062723c751e8b465ee728b)
Start importing Assets/Tile_Map/Pallettes/Tile_Set_1.prefab using Guid(d5c29e12c357dbb48a8805e4eec306b8) Importer(815301076,1909f56bfc062723c751e8b465ee728b)  -> (artifact id: '3effd5b5a57c1a2a3b1ec01648ee7919') in 0.037214 seconds
  Import took 0.043769 seconds .

========================================================================
Received Import Request.
  Time since last request: 63.385137 seconds.
  path: Assets/Tile_Map/Pallettes/Tile_Set_1.prefab
  artifactKey: Guid(d5c29e12c357dbb48a8805e4eec306b8) Importer(815301076,1909f56bfc062723c751e8b465ee728b)
Start importing Assets/Tile_Map/Pallettes/Tile_Set_1.prefab using Guid(d5c29e12c357dbb48a8805e4eec306b8) Importer(815301076,1909f56bfc062723c751e8b465ee728b)  -> (artifact id: 'f44c46f808c95b80ae1c646bd432695b') in 0.007199 seconds
  Import took 0.013041 seconds .

========================================================================
Received Import Request.
  Time since last request: 313.993832 seconds.
  path: Assets/Sprites/background_sky.png
  artifactKey: Guid(c909469b4dbdff64684f9c43648d80f3) Importer(815301076,1909f56bfc062723c751e8b465ee728b)
Start importing Assets/Sprites/background_sky.png using Guid(c909469b4dbdff64684f9c43648d80f3) Importer(815301076,1909f56bfc062723c751e8b465ee728b)  -> (artifact id: '4c299aa414249f797ae00b7da32e18e0') in 0.028577 seconds
  Import took 0.038922 seconds .

========================================================================
Received Import Request.
  Time since last request: 82.800426 seconds.
  path: ProjectSettings/TagManager.asset
  artifactKey: Guid(00000000000000003000000000000000) Importer(815301076,1909f56bfc062723c751e8b465ee728b)
Start importing ProjectSettings/TagManager.asset using Guid(00000000000000003000000000000000) Importer(815301076,1909f56bfc062723c751e8b465ee728b)  -> (artifact id: '95df672b4aaba54310d34c83eef51bb8') in 0.007523 seconds
  Import took 0.011489 seconds .

========================================================================
Received Prepare
Registering precompiled user dll's ...
Registered in 0.005320 seconds.
Begin MonoManager ReloadAssembly
Native extension for WindowsStandalone target not found
Native extension for WebGL target not found
Refreshing native plugins compatible for Editor in 0.50 ms, found 3 plugins.
Preloading 0 native plugins for Editor in 0.00 ms.
Mono: successfully reloaded assembly
- Completed reload, in  1.036 seconds
Platform modules already initialized, skipping
Refreshing native plugins compatible for Editor in 0.50 ms, found 3 plugins.
Preloading 0 native plugins for Editor in 0.00 ms.
Unloading 2091 Unused Serialized files (Serialized files now loaded: 0)
System memory in use before: 96.2 MB.
System memory in use after: 96.2 MB.

Unloading 22 unused Assets to reduce memory usage. Loaded Objects now: 2548.
Total: 4.196100 ms (FindLiveObjects: 0.312300 ms CreateObjectMapping: 0.113600 ms MarkObjects: 3.587700 ms  DeleteObjects: 0.179900 ms)

========================================================================
Received Prepare
Registering precompiled user dll's ...
Registered in 0.006970 seconds.
Begin MonoManager ReloadAssembly
Native extension for WindowsStandalone target not found
Native extension for WebGL target not found
Refreshing native plugins compatible for Editor in 0.53 ms, found 3 plugins.
Preloading 0 native plugins for Editor in 0.00 ms.
Mono: successfully reloaded assembly
- Completed reload, in  1.099 seconds
Platform modules already initialized, skipping
Refreshing native plugins compatible for Editor in 0.47 ms, found 3 plugins.
Preloading 0 native plugins for Editor in 0.00 ms.
Unloading 2091 Unused Serialized files (Serialized files now loaded: 0)
System memory in use before: 96.3 MB.
System memory in use after: 96.2 MB.

Unloading 21 unused Assets to reduce memory usage. Loaded Objects now: 2552.
Total: 2.908300 ms (FindLiveObjects: 0.257100 ms CreateObjectMapping: 0.087200 ms MarkObjects: 2.436100 ms  DeleteObjects: 0.126400 ms)

========================================================================
Received Prepare
Registering precompiled user dll's ...
Registered in 0.004909 seconds.
Begin MonoManager ReloadAssembly
Native extension for WindowsStandalone target not found
Native extension for WebGL target not found
Refreshing native plugins compatible for Editor in 0.50 ms, found 3 plugins.
Preloading 0 native plugins for Editor in 0.00 ms.
Mono: successfully reloaded assembly
- Completed reload, in  1.057 seconds
Platform modules already initialized, skipping
Refreshing native plugins compatible for Editor in 0.47 ms, found 3 plugins.
Preloading 0 native plugins for Editor in 0.00 ms.
Unloading 2091 Unused Serialized files (Serialized files now loaded: 0)
System memory in use before: 96.3 MB.
System memory in use after: 96.3 MB.

Unloading 21 unused Assets to reduce memory usage. Loaded Objects now: 2556.
Total: 4.234900 ms (FindLiveObjects: 0.338700 ms CreateObjectMapping: 0.150400 ms MarkObjects: 3.533100 ms  DeleteObjects: 0.211000 ms)

========================================================================
Received Import Request.
  Time since last request: 669.924654 seconds.
  path: Assets/Scripts
  artifactKey: Guid(6093c38f101db1e40a53c9fb1713747f) Importer(815301076,1909f56bfc062723c751e8b465ee728b)
Start importing Assets/Scripts using Guid(6093c38f101db1e40a53c9fb1713747f) Importer(815301076,1909f56bfc062723c751e8b465ee728b)  -> (artifact id: 'd9f902c3739502cf8d0a703eeefc296c') in 0.016845 seconds
  Import took 0.025166 seconds .

========================================================================
Received Import Request.
  Time since last request: 11.231718 seconds.
  path: Assets/Scripts/PlayerController.cs
  artifactKey: Guid(d33a8b10886511541834f083537b5704) Importer(815301076,1909f56bfc062723c751e8b465ee728b)
Start importing Assets/Scripts/PlayerController.cs using Guid(d33a8b10886511541834f083537b5704) Importer(815301076,1909f56bfc062723c751e8b465ee728b)  -> (artifact id: 'f5583d354014e0fc70915559bae2e77b') in 0.008192 seconds
  Import took 0.011845 seconds .

========================================================================
Received Prepare
Registering precompiled user dll's ...
Registered in 0.005091 seconds.
Begin MonoManager ReloadAssembly
Native extension for WindowsStandalone target not found
Native extension for WebGL target not found
Refreshing native plugins compatible for Editor in 0.52 ms, found 3 plugins.
Preloading 0 native plugins for Editor in 0.00 ms.
Mono: successfully reloaded assembly
- Completed reload, in  1.006 seconds
Platform modules already initialized, skipping
Refreshing native plugins compatible for Editor in 0.48 ms, found 3 plugins.
Preloading 0 native plugins for Editor in 0.00 ms.
Unloading 2092 Unused Serialized files (Serialized files now loaded: 0)
System memory in use before: 96.3 MB.
System memory in use after: 96.3 MB.

Unloading 21 unused Assets to reduce memory usage. Loaded Objects now: 2561.
Total: 4.650900 ms (FindLiveObjects: 0.487300 ms CreateObjectMapping: 0.190400 ms MarkObjects: 3.730200 ms  DeleteObjects: 0.239700 ms)

========================================================================
Received Import Request.
  Time since last request: 499.298283 seconds.
  path: Assets/Scripts/PlayerController.cs
  artifactKey: Guid(d33a8b10886511541834f083537b5704) Importer(815301076,1909f56bfc062723c751e8b465ee728b)
Start importing Assets/Scripts/PlayerController.cs using Guid(d33a8b10886511541834f083537b5704) Importer(815301076,1909f56bfc062723c751e8b465ee728b)  -> (artifact id: '0de3990445fc215efb66edfc42aaaa30') in 0.011197 seconds
  Import took 0.016574 seconds .

========================================================================
Received Prepare
Registering precompiled user dll's ...
Registered in 0.007825 seconds.
Begin MonoManager ReloadAssembly
Native extension for WindowsStandalone target not found
Native extension for WebGL target not found
Refreshing native plugins compatible for Editor in 0.77 ms, found 3 plugins.
Preloading 0 native plugins for Editor in 0.00 ms.
Mono: successfully reloaded assembly
- Completed reload, in  1.012 seconds
Platform modules already initialized, skipping
Refreshing native plugins compatible for Editor in 0.47 ms, found 3 plugins.
Preloading 0 native plugins for Editor in 0.00 ms.
Unloading 2092 Unused Serialized files (Serialized files now loaded: 0)
System memory in use before: 96.3 MB.
System memory in use after: 96.3 MB.

Unloading 21 unused Assets to reduce memory usage. Loaded Objects now: 2565.
Total: 4.885700 ms (FindLiveObjects: 0.440400 ms CreateObjectMapping: 0.189900 ms MarkObjects: 4.121100 ms  DeleteObjects: 0.131900 ms)

========================================================================
Received Prepare
Registering precompiled user dll's ...
Registered in 0.005085 seconds.
Begin MonoManager ReloadAssembly
Native extension for WindowsStandalone target not found
Native extension for WebGL target not found
Refreshing native plugins compatible for Editor in 0.51 ms, found 3 plugins.
Preloading 0 native plugins for Editor in 0.00 ms.
Mono: successfully reloaded assembly
- Completed reload, in  1.009 seconds
Platform modules already initialized, skipping
Refreshing native plugins compatible for Editor in 0.52 ms, found 3 plugins.
Preloading 0 native plugins for Editor in 0.00 ms.
Unloading 2092 Unused Serialized files (Serialized files now loaded: 0)
System memory in use before: 96.3 MB.
System memory in use after: 96.3 MB.

Unloading 21 unused Assets to reduce memory usage. Loaded Objects now: 2569.
Total: 5.692100 ms (FindLiveObjects: 0.411400 ms CreateObjectMapping: 0.207500 ms MarkObjects: 4.831500 ms  DeleteObjects: 0.238900 ms)

========================================================================
Received Prepare
Registering precompiled user dll's ...
Registered in 0.005308 seconds.
Begin MonoManager ReloadAssembly
Native extension for WindowsStandalone target not found
Native extension for WebGL target not found
Refreshing native plugins compatible for Editor in 0.49 ms, found 3 plugins.
Preloading 0 native plugins for Editor in 0.00 ms.
Mono: successfully reloaded assembly
- Completed reload, in  1.123 seconds
Platform modules already initialized, skipping
Refreshing native plugins compatible for Editor in 0.50 ms, found 3 plugins.
Preloading 0 native plugins for Editor in 0.00 ms.
Unloading 2092 Unused Serialized files (Serialized files now loaded: 0)
System memory in use before: 96.3 MB.
System memory in use after: 96.3 MB.

Unloading 21 unused Assets to reduce memory usage. Loaded Objects now: 2573.
Total: 3.735900 ms (FindLiveObjects: 0.249000 ms CreateObjectMapping: 0.075500 ms MarkObjects: 3.225900 ms  DeleteObjects: 0.184200 ms)

========================================================================
Received Import Request.
  Time since last request: 829.195408 seconds.
  path: Assets/Scripts/PlayerController.cs
  artifactKey: Guid(d33a8b10886511541834f083537b5704) Importer(815301076,1909f56bfc062723c751e8b465ee728b)
Start importing Assets/Scripts/PlayerController.cs using Guid(d33a8b10886511541834f083537b5704) Importer(815301076,1909f56bfc062723c751e8b465ee728b)  -> (artifact id: '5cdc084c46ea7bbb6213c47fc5ad92db') in 0.013562 seconds
  Import took 0.016998 seconds .

AssetImportWorkerClient::OnTransportError - code=2 error=End of file
